<?xml version="1.0" encoding="UTF-8"?>
<!-- Generated by org.testng.reporters.JUnitXMLReporter -->
<testsuite ignored="0" hostname="sacHiN4728" failures="0" tests="3" name="Test" time="5.403" errors="0" timestamp="2022-08-19T22:53:19 IST">
  <testcase classname="genericLib.BaseClass" name="@BeforeMethod openApp" time="2.557">
    <failure type="org.openqa.selenium.SessionNotCreatedException" message="session not created: This version of ChromeDriver only supports Chrome version 99
Current browser version is 104.0.5112.82 with binary path C:\Program Files\Google\Chrome\Application\chrome.exe
Build info: version: &amp;apos;3.141.59&amp;apos;, revision: &amp;apos;e82be7d358&amp;apos;, time: &amp;apos;2018-11-14T08:17:03&amp;apos;
System info: host: &amp;apos;SACHIN4728&amp;apos;, ip: &amp;apos;192.168.85.34&amp;apos;, os.name: &amp;apos;Windows 10&amp;apos;, os.arch: &amp;apos;amd64&amp;apos;, os.version: &amp;apos;10.0&amp;apos;, java.version: &amp;apos;18.0.1.1&amp;apos;
Driver info: driver.version: ChromeDriver
remote stacktrace: Backtrace:
	Ordinal0 [0x003B9943+2595139]
	Ordinal0 [0x0034C9F1+2148849]
	Ordinal0 [0x00244528+1066280]
	Ordinal0 [0x002642C3+1196739]
	Ordinal0 [0x0025FE37+1179191]
	Ordinal0 [0x0025D6F1+1169137]
	Ordinal0 [0x00290530+1377584]
	Ordinal0 [0x0029018A+1376650]
	Ordinal0 [0x0028B806+1357830]
	Ordinal0 [0x00266086+1204358]
	Ordinal0 [0x00266F96+1208214]
	GetHandleVerifier [0x0055B232+1658114]
	GetHandleVerifier [0x0061312C+2411516]
	GetHandleVerifier [0x0044F261+560433]
	GetHandleVerifier [0x0044E366+556598]
	Ordinal0 [0x0035286B+2173035]
	Ordinal0 [0x003575F8+2192888]
	Ordinal0 [0x003576E5+2193125]
	Ordinal0 [0x003611FC+2232828]
	BaseThreadInitThunk [0x7503FA29+25]
	RtlGetAppContainerNamedObjectPath [0x76FE7A9E+286]
	RtlGetAppContainerNamedObjectPath [0x76FE7A6E+238]
">
      <![CDATA[org.openqa.selenium.SessionNotCreatedException: session not created: This version of ChromeDriver only supports Chrome version 99
Current browser version is 104.0.5112.82 with binary path C:\Program Files\Google\Chrome\Application\chrome.exe
Build info: version: '3.141.59', revision: 'e82be7d358', time: '2018-11-14T08:17:03'
System info: host: 'SACHIN4728', ip: '192.168.85.34', os.name: 'Windows 10', os.arch: 'amd64', os.version: '10.0', java.version: '18.0.1.1'
Driver info: driver.version: ChromeDriver
remote stacktrace: Backtrace:
Ordinal0 [0x003B9943+2595139]
Ordinal0 [0x0034C9F1+2148849]
Ordinal0 [0x00244528+1066280]
Ordinal0 [0x002642C3+1196739]
Ordinal0 [0x0025FE37+1179191]
Ordinal0 [0x0025D6F1+1169137]
Ordinal0 [0x00290530+1377584]
Ordinal0 [0x0029018A+1376650]
Ordinal0 [0x0028B806+1357830]
Ordinal0 [0x00266086+1204358]
Ordinal0 [0x00266F96+1208214]
GetHandleVerifier [0x0055B232+1658114]
GetHandleVerifier [0x0061312C+2411516]
GetHandleVerifier [0x0044F261+560433]
GetHandleVerifier [0x0044E366+556598]
Ordinal0 [0x0035286B+2173035]
Ordinal0 [0x003575F8+2192888]
Ordinal0 [0x003576E5+2193125]
Ordinal0 [0x003611FC+2232828]
BaseThreadInitThunk [0x7503FA29+25]
RtlGetAppContainerNamedObjectPath [0x76FE7A9E+286]
RtlGetAppContainerNamedObjectPath [0x76FE7A6E+238]

at org.openqa.selenium.remote.W3CHandshakeResponse.lambda$errorHandler$0(W3CHandshakeResponse.java:62)
at org.openqa.selenium.remote.HandshakeResponse.lambda$getResponseFunction$0(HandshakeResponse.java:30)
at org.openqa.selenium.remote.ProtocolHandshake.lambda$createSession$0(ProtocolHandshake.java:126)
at java.base/java.util.stream.ReferencePipeline$3$1.accept(ReferencePipeline.java:197)
at java.base/java.util.Spliterators$ArraySpliterator.tryAdvance(Spliterators.java:1002)
at java.base/java.util.stream.ReferencePipeline.forEachWithCancel(ReferencePipeline.java:129)
at java.base/java.util.stream.AbstractPipeline.copyIntoWithCancel(AbstractPipeline.java:527)
at java.base/java.util.stream.AbstractPipeline.copyInto(AbstractPipeline.java:513)
at java.base/java.util.stream.AbstractPipeline.wrapAndCopyInto(AbstractPipeline.java:499)
at java.base/java.util.stream.FindOps$FindOp.evaluateSequential(FindOps.java:150)
at java.base/java.util.stream.AbstractPipeline.evaluate(AbstractPipeline.java:234)
at java.base/java.util.stream.ReferencePipeline.findFirst(ReferencePipeline.java:647)
at org.openqa.selenium.remote.ProtocolHandshake.createSession(ProtocolHandshake.java:128)
at org.openqa.selenium.remote.ProtocolHandshake.createSession(ProtocolHandshake.java:74)
at org.openqa.selenium.remote.HttpCommandExecutor.execute(HttpCommandExecutor.java:136)
at org.openqa.selenium.remote.service.DriverCommandExecutor.execute(DriverCommandExecutor.java:83)
at org.openqa.selenium.remote.RemoteWebDriver.execute(RemoteWebDriver.java:552)
at org.openqa.selenium.remote.RemoteWebDriver.startSession(RemoteWebDriver.java:213)
at org.openqa.selenium.remote.RemoteWebDriver.<init>(RemoteWebDriver.java:131)
at org.openqa.selenium.chrome.ChromeDriver.<init>(ChromeDriver.java:181)
at org.openqa.selenium.chrome.ChromeDriver.<init>(ChromeDriver.java:168)
at org.openqa.selenium.chrome.ChromeDriver.<init>(ChromeDriver.java:123)
at genericLib.BaseClass.openApp(BaseClass.java:19)
at java.base/java.util.ArrayList.forEach(ArrayList.java:1511)
... Removed 32 stack frames]]>
    </failure>
  </testcase> <!-- @BeforeMethod openApp -->
  <testcase classname="genericLib.BaseClass" name="@AfterMethod closeAPP" time="-1.66092979617E9">
    <skipped/>
  </testcase> <!-- @AfterMethod closeAPP -->
  <testcase classname="genericLib.BaseClass" name="@BeforeMethod openApp" time="1.496">
    <failure type="org.openqa.selenium.SessionNotCreatedException" message="session not created: This version of ChromeDriver only supports Chrome version 99
Current browser version is 104.0.5112.82 with binary path C:\Program Files\Google\Chrome\Application\chrome.exe
Build info: version: &amp;apos;3.141.59&amp;apos;, revision: &amp;apos;e82be7d358&amp;apos;, time: &amp;apos;2018-11-14T08:17:03&amp;apos;
System info: host: &amp;apos;SACHIN4728&amp;apos;, ip: &amp;apos;192.168.85.34&amp;apos;, os.name: &amp;apos;Windows 10&amp;apos;, os.arch: &amp;apos;amd64&amp;apos;, os.version: &amp;apos;10.0&amp;apos;, java.version: &amp;apos;18.0.1.1&amp;apos;
Driver info: driver.version: ChromeDriver
remote stacktrace: Backtrace:
	Ordinal0 [0x003B9943+2595139]
	Ordinal0 [0x0034C9F1+2148849]
	Ordinal0 [0x00244528+1066280]
	Ordinal0 [0x002642C3+1196739]
	Ordinal0 [0x0025FE37+1179191]
	Ordinal0 [0x0025D6F1+1169137]
	Ordinal0 [0x00290530+1377584]
	Ordinal0 [0x0029018A+1376650]
	Ordinal0 [0x0028B806+1357830]
	Ordinal0 [0x00266086+1204358]
	Ordinal0 [0x00266F96+1208214]
	GetHandleVerifier [0x0055B232+1658114]
	GetHandleVerifier [0x0061312C+2411516]
	GetHandleVerifier [0x0044F261+560433]
	GetHandleVerifier [0x0044E366+556598]
	Ordinal0 [0x0035286B+2173035]
	Ordinal0 [0x003575F8+2192888]
	Ordinal0 [0x003576E5+2193125]
	Ordinal0 [0x003611FC+2232828]
	BaseThreadInitThunk [0x7503FA29+25]
	RtlGetAppContainerNamedObjectPath [0x76FE7A9E+286]
	RtlGetAppContainerNamedObjectPath [0x76FE7A6E+238]
">
      <![CDATA[org.openqa.selenium.SessionNotCreatedException: session not created: This version of ChromeDriver only supports Chrome version 99
Current browser version is 104.0.5112.82 with binary path C:\Program Files\Google\Chrome\Application\chrome.exe
Build info: version: '3.141.59', revision: 'e82be7d358', time: '2018-11-14T08:17:03'
System info: host: 'SACHIN4728', ip: '192.168.85.34', os.name: 'Windows 10', os.arch: 'amd64', os.version: '10.0', java.version: '18.0.1.1'
Driver info: driver.version: ChromeDriver
remote stacktrace: Backtrace:
Ordinal0 [0x003B9943+2595139]
Ordinal0 [0x0034C9F1+2148849]
Ordinal0 [0x00244528+1066280]
Ordinal0 [0x002642C3+1196739]
Ordinal0 [0x0025FE37+1179191]
Ordinal0 [0x0025D6F1+1169137]
Ordinal0 [0x00290530+1377584]
Ordinal0 [0x0029018A+1376650]
Ordinal0 [0x0028B806+1357830]
Ordinal0 [0x00266086+1204358]
Ordinal0 [0x00266F96+1208214]
GetHandleVerifier [0x0055B232+1658114]
GetHandleVerifier [0x0061312C+2411516]
GetHandleVerifier [0x0044F261+560433]
GetHandleVerifier [0x0044E366+556598]
Ordinal0 [0x0035286B+2173035]
Ordinal0 [0x003575F8+2192888]
Ordinal0 [0x003576E5+2193125]
Ordinal0 [0x003611FC+2232828]
BaseThreadInitThunk [0x7503FA29+25]
RtlGetAppContainerNamedObjectPath [0x76FE7A9E+286]
RtlGetAppContainerNamedObjectPath [0x76FE7A6E+238]

at org.openqa.selenium.remote.W3CHandshakeResponse.lambda$errorHandler$0(W3CHandshakeResponse.java:62)
at org.openqa.selenium.remote.HandshakeResponse.lambda$getResponseFunction$0(HandshakeResponse.java:30)
at org.openqa.selenium.remote.ProtocolHandshake.lambda$createSession$0(ProtocolHandshake.java:126)
at java.base/java.util.stream.ReferencePipeline$3$1.accept(ReferencePipeline.java:197)
at java.base/java.util.Spliterators$ArraySpliterator.tryAdvance(Spliterators.java:1002)
at java.base/java.util.stream.ReferencePipeline.forEachWithCancel(ReferencePipeline.java:129)
at java.base/java.util.stream.AbstractPipeline.copyIntoWithCancel(AbstractPipeline.java:527)
at java.base/java.util.stream.AbstractPipeline.copyInto(AbstractPipeline.java:513)
at java.base/java.util.stream.AbstractPipeline.wrapAndCopyInto(AbstractPipeline.java:499)
at java.base/java.util.stream.FindOps$FindOp.evaluateSequential(FindOps.java:150)
at java.base/java.util.stream.AbstractPipeline.evaluate(AbstractPipeline.java:234)
at java.base/java.util.stream.ReferencePipeline.findFirst(ReferencePipeline.java:647)
at org.openqa.selenium.remote.ProtocolHandshake.createSession(ProtocolHandshake.java:128)
at org.openqa.selenium.remote.ProtocolHandshake.createSession(ProtocolHandshake.java:74)
at org.openqa.selenium.remote.HttpCommandExecutor.execute(HttpCommandExecutor.java:136)
at org.openqa.selenium.remote.service.DriverCommandExecutor.execute(DriverCommandExecutor.java:83)
at org.openqa.selenium.remote.RemoteWebDriver.execute(RemoteWebDriver.java:552)
at org.openqa.selenium.remote.RemoteWebDriver.startSession(RemoteWebDriver.java:213)
at org.openqa.selenium.remote.RemoteWebDriver.<init>(RemoteWebDriver.java:131)
at org.openqa.selenium.chrome.ChromeDriver.<init>(ChromeDriver.java:181)
at org.openqa.selenium.chrome.ChromeDriver.<init>(ChromeDriver.java:168)
at org.openqa.selenium.chrome.ChromeDriver.<init>(ChromeDriver.java:123)
at genericLib.BaseClass.openApp(BaseClass.java:19)
at java.base/java.util.ArrayList.forEach(ArrayList.java:1511)
... Removed 32 stack frames]]>
    </failure>
  </testcase> <!-- @BeforeMethod openApp -->
  <testcase classname="genericLib.BaseClass" name="@AfterMethod closeAPP" time="-1.66092979769E9">
    <skipped/>
  </testcase> <!-- @AfterMethod closeAPP -->
  <testcase classname="genericLib.BaseClass" name="@BeforeMethod openApp" time="1.215">
    <failure type="org.openqa.selenium.SessionNotCreatedException" message="session not created: This version of ChromeDriver only supports Chrome version 99
Current browser version is 104.0.5112.82 with binary path C:\Program Files\Google\Chrome\Application\chrome.exe
Build info: version: &amp;apos;3.141.59&amp;apos;, revision: &amp;apos;e82be7d358&amp;apos;, time: &amp;apos;2018-11-14T08:17:03&amp;apos;
System info: host: &amp;apos;SACHIN4728&amp;apos;, ip: &amp;apos;192.168.85.34&amp;apos;, os.name: &amp;apos;Windows 10&amp;apos;, os.arch: &amp;apos;amd64&amp;apos;, os.version: &amp;apos;10.0&amp;apos;, java.version: &amp;apos;18.0.1.1&amp;apos;
Driver info: driver.version: ChromeDriver
remote stacktrace: Backtrace:
	Ordinal0 [0x003B9943+2595139]
	Ordinal0 [0x0034C9F1+2148849]
	Ordinal0 [0x00244528+1066280]
	Ordinal0 [0x002642C3+1196739]
	Ordinal0 [0x0025FE37+1179191]
	Ordinal0 [0x0025D6F1+1169137]
	Ordinal0 [0x00290530+1377584]
	Ordinal0 [0x0029018A+1376650]
	Ordinal0 [0x0028B806+1357830]
	Ordinal0 [0x00266086+1204358]
	Ordinal0 [0x00266F96+1208214]
	GetHandleVerifier [0x0055B232+1658114]
	GetHandleVerifier [0x0061312C+2411516]
	GetHandleVerifier [0x0044F261+560433]
	GetHandleVerifier [0x0044E366+556598]
	Ordinal0 [0x0035286B+2173035]
	Ordinal0 [0x003575F8+2192888]
	Ordinal0 [0x003576E5+2193125]
	Ordinal0 [0x003611FC+2232828]
	BaseThreadInitThunk [0x7503FA29+25]
	RtlGetAppContainerNamedObjectPath [0x76FE7A9E+286]
	RtlGetAppContainerNamedObjectPath [0x76FE7A6E+238]
">
      <![CDATA[org.openqa.selenium.SessionNotCreatedException: session not created: This version of ChromeDriver only supports Chrome version 99
Current browser version is 104.0.5112.82 with binary path C:\Program Files\Google\Chrome\Application\chrome.exe
Build info: version: '3.141.59', revision: 'e82be7d358', time: '2018-11-14T08:17:03'
System info: host: 'SACHIN4728', ip: '192.168.85.34', os.name: 'Windows 10', os.arch: 'amd64', os.version: '10.0', java.version: '18.0.1.1'
Driver info: driver.version: ChromeDriver
remote stacktrace: Backtrace:
Ordinal0 [0x003B9943+2595139]
Ordinal0 [0x0034C9F1+2148849]
Ordinal0 [0x00244528+1066280]
Ordinal0 [0x002642C3+1196739]
Ordinal0 [0x0025FE37+1179191]
Ordinal0 [0x0025D6F1+1169137]
Ordinal0 [0x00290530+1377584]
Ordinal0 [0x0029018A+1376650]
Ordinal0 [0x0028B806+1357830]
Ordinal0 [0x00266086+1204358]
Ordinal0 [0x00266F96+1208214]
GetHandleVerifier [0x0055B232+1658114]
GetHandleVerifier [0x0061312C+2411516]
GetHandleVerifier [0x0044F261+560433]
GetHandleVerifier [0x0044E366+556598]
Ordinal0 [0x0035286B+2173035]
Ordinal0 [0x003575F8+2192888]
Ordinal0 [0x003576E5+2193125]
Ordinal0 [0x003611FC+2232828]
BaseThreadInitThunk [0x7503FA29+25]
RtlGetAppContainerNamedObjectPath [0x76FE7A9E+286]
RtlGetAppContainerNamedObjectPath [0x76FE7A6E+238]

at org.openqa.selenium.remote.W3CHandshakeResponse.lambda$errorHandler$0(W3CHandshakeResponse.java:62)
at org.openqa.selenium.remote.HandshakeResponse.lambda$getResponseFunction$0(HandshakeResponse.java:30)
at org.openqa.selenium.remote.ProtocolHandshake.lambda$createSession$0(ProtocolHandshake.java:126)
at java.base/java.util.stream.ReferencePipeline$3$1.accept(ReferencePipeline.java:197)
at java.base/java.util.Spliterators$ArraySpliterator.tryAdvance(Spliterators.java:1002)
at java.base/java.util.stream.ReferencePipeline.forEachWithCancel(ReferencePipeline.java:129)
at java.base/java.util.stream.AbstractPipeline.copyIntoWithCancel(AbstractPipeline.java:527)
at java.base/java.util.stream.AbstractPipeline.copyInto(AbstractPipeline.java:513)
at java.base/java.util.stream.AbstractPipeline.wrapAndCopyInto(AbstractPipeline.java:499)
at java.base/java.util.stream.FindOps$FindOp.evaluateSequential(FindOps.java:150)
at java.base/java.util.stream.AbstractPipeline.evaluate(AbstractPipeline.java:234)
at java.base/java.util.stream.ReferencePipeline.findFirst(ReferencePipeline.java:647)
at org.openqa.selenium.remote.ProtocolHandshake.createSession(ProtocolHandshake.java:128)
at org.openqa.selenium.remote.ProtocolHandshake.createSession(ProtocolHandshake.java:74)
at org.openqa.selenium.remote.HttpCommandExecutor.execute(HttpCommandExecutor.java:136)
at org.openqa.selenium.remote.service.DriverCommandExecutor.execute(DriverCommandExecutor.java:83)
at org.openqa.selenium.remote.RemoteWebDriver.execute(RemoteWebDriver.java:552)
at org.openqa.selenium.remote.RemoteWebDriver.startSession(RemoteWebDriver.java:213)
at org.openqa.selenium.remote.RemoteWebDriver.<init>(RemoteWebDriver.java:131)
at org.openqa.selenium.chrome.ChromeDriver.<init>(ChromeDriver.java:181)
at org.openqa.selenium.chrome.ChromeDriver.<init>(ChromeDriver.java:168)
at org.openqa.selenium.chrome.ChromeDriver.<init>(ChromeDriver.java:123)
at genericLib.BaseClass.openApp(BaseClass.java:19)
at java.base/java.util.ArrayList.forEach(ArrayList.java:1511)
... Removed 32 stack frames]]>
    </failure>
  </testcase> <!-- @BeforeMethod openApp -->
  <testcase classname="genericLib.BaseClass" name="@AfterMethod closeAPP" time="-1.660929798918E9">
    <skipped/>
  </testcase> <!-- @AfterMethod closeAPP -->
  <testcase classname="scripts.Testcase2" name="tc2" time="0.0">
    <skipped/>
  </testcase> <!-- tc2 -->
  <testcase classname="scripts.Testcase1" name="tc1" time="0.0">
    <skipped/>
  </testcase> <!-- tc1 -->
  <testcase classname="scripts.Testacse3" name="tc3" time="0.0">
    <skipped/>
  </testcase> <!-- tc3 -->
</testsuite> <!-- Test -->
